<?xml version="1.0" encoding="UTF-8"?>
<!-- Generated by org.testng.reporters.JUnitReportReporter -->
<testsuite skipped="0" hostname="DESKTOP-J0I66R3" name="MavenTest.AppiumTest" tests="2" failures="0" timestamp="2020-05-23T11:54:57 IST" time="0.014" errors="0">
  <testcase name="name2" time="0.001" classname="MavenTest.AppiumTest"/>
  <system-out/>
  <testcase name="name1" time="0.013" classname="MavenTest.AppiumTest"/>
  <system-out/>
</testsuite> <!-- MavenTest.AppiumTest -->
