<?xml version="1.0" encoding="UTF-8"?>
<!-- Generated by org.testng.reporters.JUnitReportReporter -->
<testsuite skipped="0" hostname="DESKTOP-J0I66R3" name="MavenTest.RestAPITest" tests="2" failures="0" timestamp="2020-05-17T16:24:41 IST" time="0.018" errors="0">
  <testcase name="name2" time="0.003" classname="MavenTest.RestAPITest"/>
  <system-out/>
  <testcase name="name1" time="0.015" classname="MavenTest.RestAPITest"/>
  <system-out/>
</testsuite> <!-- MavenTest.RestAPITest -->
