<?xml version="1.0" encoding="UTF-8"?>
<!-- Generated by org.testng.reporters.JUnitReportReporter -->
<testsuite skipped="0" hostname="DESKTOP-J0I66R3" name="MavenTest.SeleniumTest" tests="2" failures="0" timestamp="2020-05-23T11:36:54 IST" time="0.002" errors="0">
  <testcase name="name1" time="0.001" classname="MavenTest.SeleniumTest"/>
  <system-out/>
  <testcase name="name2" time="0.001" classname="MavenTest.SeleniumTest"/>
  <system-out/>
</testsuite> <!-- MavenTest.SeleniumTest -->
